Determining if the CL_VERSION_3_0 exist failed with the following output:
Change Dir: C:/Users/ga1ox/Desktop/ClassMaterials/CSCI5611/Final/FinalProject/ClothSimulation/out/build/x64-Debug/CMakeFiles/CMakeTmp

Run Build Command(s):C:/Program Files/Microsoft Visual Studio/2022/Community/Common7/IDE/CommonExtensions/Microsoft/CMake/Ninja/ninja.exe cmTC_33854 && [1/2] Building C object CMakeFiles\cmTC_33854.dir\CheckSymbolExists.c.obj
FAILED: CMakeFiles/cmTC_33854.dir/CheckSymbolExists.c.obj 
C:\PROGRA~1\MIB055~1\2022\COMMUN~1\VC\Tools\MSVC\1434~1.319\bin\Hostx64\x64\cl.exe  /nologo  -IC:\src\vcpkg\installed\x64-windows\include /DWIN32 /D_WINDOWS /W3  /MDd /Zi /Ob0 /Od /RTC1 /showIncludes /FoCMakeFiles\cmTC_33854.dir\CheckSymbolExists.c.obj /FdCMakeFiles\cmTC_33854.dir\ /FS -c C:\Users\ga1ox\Desktop\ClassMaterials\CSCI5611\Final\FinalProject\ClothSimulation\out\build\x64-Debug\CMakeFiles\CMakeTmp\CheckSymbolExists.c
cl_version.h: CL_TARGET_OPENCL_VERSION is not defined. Defaulting to 220 (OpenCL 2.2)
C:\Users\ga1ox\Desktop\ClassMaterials\CSCI5611\Final\FinalProject\ClothSimulation\out\build\x64-Debug\CMakeFiles\CMakeTmp\CheckSymbolExists.c(8): error C2065: 'CL_VERSION_3_0': undeclared identifier
ninja: build stopped: subcommand failed.


File C:/Users/ga1ox/Desktop/ClassMaterials/CSCI5611/Final/FinalProject/ClothSimulation/out/build/x64-Debug/CMakeFiles/CMakeTmp/CheckSymbolExists.c:
/* */
#include <C:/src/vcpkg/installed/x64-windows/include/CL/cl.h>

int main(int argc, char** argv)
{
  (void)argv;
#ifndef CL_VERSION_3_0
  return ((int*)(&CL_VERSION_3_0))[argc];
#else
  (void)argc;
  return 0;
#endif
}
Performing C SOURCE FILE Test CMAKE_HAVE_LIBC_PTHREAD failed with the following output:
Change Dir: C:/Users/ga1ox/Desktop/ClassMaterials/CSCI5611/Final/FinalProject/ClothSimulation/out/build/x64-Debug/CMakeFiles/CMakeTmp

Run Build Command(s):C:/Program Files/Microsoft Visual Studio/2022/Community/Common7/IDE/CommonExtensions/Microsoft/CMake/Ninja/ninja.exe cmTC_6a7bc && [1/2] Building C object CMakeFiles\cmTC_6a7bc.dir\src.c.obj
FAILED: CMakeFiles/cmTC_6a7bc.dir/src.c.obj 
C:\PROGRA~1\MIB055~1\2022\COMMUN~1\VC\Tools\MSVC\1434~1.319\bin\Hostx64\x64\cl.exe  /nologo -DCMAKE_HAVE_LIBC_PTHREAD  /DWIN32 /D_WINDOWS /W3  /MDd /Zi /Ob0 /Od /RTC1 /showIncludes /FoCMakeFiles\cmTC_6a7bc.dir\src.c.obj /FdCMakeFiles\cmTC_6a7bc.dir\ /FS -c C:\Users\ga1ox\Desktop\ClassMaterials\CSCI5611\Final\FinalProject\ClothSimulation\out\build\x64-Debug\CMakeFiles\CMakeTmp\src.c
C:\Users\ga1ox\Desktop\ClassMaterials\CSCI5611\Final\FinalProject\ClothSimulation\out\build\x64-Debug\CMakeFiles\CMakeTmp\src.c(1): fatal error C1083: Cannot open include file: 'pthread.h': No such file or directory
ninja: build stopped: subcommand failed.


Source file was:
#include <pthread.h>

static void* test_func(void* data)
{
  return data;
}

int main(void)
{
  pthread_t thread;
  pthread_create(&thread, NULL, test_func, NULL);
  pthread_detach(thread);
  pthread_cancel(thread);
  pthread_join(thread, NULL);
  pthread_atfork(NULL, NULL, NULL);
  pthread_exit(NULL);

  return 0;
}

Determining if the function pthread_create exists in the pthreads failed with the following output:
Change Dir: C:/Users/ga1ox/Desktop/ClassMaterials/CSCI5611/Final/FinalProject/ClothSimulation/out/build/x64-Debug/CMakeFiles/CMakeTmp

Run Build Command(s):C:/Program Files/Microsoft Visual Studio/2022/Community/Common7/IDE/CommonExtensions/Microsoft/CMake/Ninja/ninja.exe cmTC_4b794 && [1/2] Building C object CMakeFiles\cmTC_4b794.dir\CheckFunctionExists.c.obj
[2/2] Linking C executable cmTC_4b794.exe
FAILED: cmTC_4b794.exe 
cmd.exe /C "cd . && "C:\Program Files\Microsoft Visual Studio\2022\Community\Common7\IDE\CommonExtensions\Microsoft\CMake\CMake\bin\cmake.exe" -E vs_link_exe --intdir=CMakeFiles\cmTC_4b794.dir --rc=C:\PROGRA~2\WI3CF2~1\10\bin\100220~1.0\x64\rc.exe --mt=C:\PROGRA~2\WI3CF2~1\10\bin\100220~1.0\x64\mt.exe --manifests  -- C:\PROGRA~1\MIB055~1\2022\COMMUN~1\VC\Tools\MSVC\1434~1.319\bin\Hostx64\x64\link.exe /nologo CMakeFiles\cmTC_4b794.dir\CheckFunctionExists.c.obj  /out:cmTC_4b794.exe /implib:cmTC_4b794.lib /pdb:cmTC_4b794.pdb /version:0.0 /machine:x64  /debug /INCREMENTAL /subsystem:console  pthreads.lib  kernel32.lib user32.lib gdi32.lib winspool.lib shell32.lib ole32.lib oleaut32.lib uuid.lib comdlg32.lib advapi32.lib && cmd.exe /C "cd /D C:\Users\ga1ox\Desktop\ClassMaterials\CSCI5611\Final\FinalProject\ClothSimulation\out\build\x64-Debug\CMakeFiles\CMakeTmp && C:\Windows\System32\WindowsPowerShell\v1.0\powershell.exe -noprofile -executionpolicy Bypass -file C:/src/vcpkg/scripts/buildsystems/msbuild/applocal.ps1 -targetBinary C:/Users/ga1ox/Desktop/ClassMaterials/CSCI5611/Final/FinalProject/ClothSimulation/out/build/x64-Debug/CMakeFiles/CMakeTmp/cmTC_4b794.exe -installedDir C:/src/vcpkg/installed/x64-windows/debug/bin -OutVariable out""
LINK Pass 1: command "C:\PROGRA~1\MIB055~1\2022\COMMUN~1\VC\Tools\MSVC\1434~1.319\bin\Hostx64\x64\link.exe /nologo CMakeFiles\cmTC_4b794.dir\CheckFunctionExists.c.obj /out:cmTC_4b794.exe /implib:cmTC_4b794.lib /pdb:cmTC_4b794.pdb /version:0.0 /machine:x64 /debug /INCREMENTAL /subsystem:console pthreads.lib kernel32.lib user32.lib gdi32.lib winspool.lib shell32.lib ole32.lib oleaut32.lib uuid.lib comdlg32.lib advapi32.lib /MANIFEST /MANIFESTFILE:CMakeFiles\cmTC_4b794.dir/intermediate.manifest CMakeFiles\cmTC_4b794.dir/manifest.res" failed (exit code 1104) with the following output:
LINK : fatal error LNK1104: cannot open file 'pthreads.lib'
ninja: build stopped: subcommand failed.



Determining if the function pthread_create exists in the pthread failed with the following output:
Change Dir: C:/Users/ga1ox/Desktop/ClassMaterials/CSCI5611/Final/FinalProject/ClothSimulation/out/build/x64-Debug/CMakeFiles/CMakeTmp

Run Build Command(s):C:/Program Files/Microsoft Visual Studio/2022/Community/Common7/IDE/CommonExtensions/Microsoft/CMake/Ninja/ninja.exe cmTC_605c1 && [1/2] Building C object CMakeFiles\cmTC_605c1.dir\CheckFunctionExists.c.obj
[2/2] Linking C executable cmTC_605c1.exe
FAILED: cmTC_605c1.exe 
cmd.exe /C "cd . && "C:\Program Files\Microsoft Visual Studio\2022\Community\Common7\IDE\CommonExtensions\Microsoft\CMake\CMake\bin\cmake.exe" -E vs_link_exe --intdir=CMakeFiles\cmTC_605c1.dir --rc=C:\PROGRA~2\WI3CF2~1\10\bin\100220~1.0\x64\rc.exe --mt=C:\PROGRA~2\WI3CF2~1\10\bin\100220~1.0\x64\mt.exe --manifests  -- C:\PROGRA~1\MIB055~1\2022\COMMUN~1\VC\Tools\MSVC\1434~1.319\bin\Hostx64\x64\link.exe /nologo CMakeFiles\cmTC_605c1.dir\CheckFunctionExists.c.obj  /out:cmTC_605c1.exe /implib:cmTC_605c1.lib /pdb:cmTC_605c1.pdb /version:0.0 /machine:x64  /debug /INCREMENTAL /subsystem:console  pthread.lib  kernel32.lib user32.lib gdi32.lib winspool.lib shell32.lib ole32.lib oleaut32.lib uuid.lib comdlg32.lib advapi32.lib && cmd.exe /C "cd /D C:\Users\ga1ox\Desktop\ClassMaterials\CSCI5611\Final\FinalProject\ClothSimulation\out\build\x64-Debug\CMakeFiles\CMakeTmp && C:\Windows\System32\WindowsPowerShell\v1.0\powershell.exe -noprofile -executionpolicy Bypass -file C:/src/vcpkg/scripts/buildsystems/msbuild/applocal.ps1 -targetBinary C:/Users/ga1ox/Desktop/ClassMaterials/CSCI5611/Final/FinalProject/ClothSimulation/out/build/x64-Debug/CMakeFiles/CMakeTmp/cmTC_605c1.exe -installedDir C:/src/vcpkg/installed/x64-windows/debug/bin -OutVariable out""
LINK Pass 1: command "C:\PROGRA~1\MIB055~1\2022\COMMUN~1\VC\Tools\MSVC\1434~1.319\bin\Hostx64\x64\link.exe /nologo CMakeFiles\cmTC_605c1.dir\CheckFunctionExists.c.obj /out:cmTC_605c1.exe /implib:cmTC_605c1.lib /pdb:cmTC_605c1.pdb /version:0.0 /machine:x64 /debug /INCREMENTAL /subsystem:console pthread.lib kernel32.lib user32.lib gdi32.lib winspool.lib shell32.lib ole32.lib oleaut32.lib uuid.lib comdlg32.lib advapi32.lib /MANIFEST /MANIFESTFILE:CMakeFiles\cmTC_605c1.dir/intermediate.manifest CMakeFiles\cmTC_605c1.dir/manifest.res" failed (exit code 1104) with the following output:
LINK : fatal error LNK1104: cannot open file 'pthread.lib'
ninja: build stopped: subcommand failed.



